This is pdfTeX, Version 3.141592653-2.6-1.40.28 (TeX Live 2025) (preloaded format=pdflatex 2025.5.24)  6 JUN 2025 14:40
entering extended mode
 restricted \write18 enabled.
 %&-line parsing enabled.
**FilipMichewicz_WiktorNiedzwiedzki.tex
(./FilipMichewicz_WiktorNiedzwiedzki.tex
LaTeX2e <2024-11-01> patch level 2
L3 programming layer <2025-04-29>
(c:/Users/Wiktor/AppData/Roaming/TinyTeX/texmf-dist/tex/latex/base/article.cls
Document Class: article 2024/06/29 v1.4n Standard LaTeX document class
(c:/Users/Wiktor/AppData/Roaming/TinyTeX/texmf-dist/tex/latex/base/size10.clo
File: size10.clo 2024/06/29 v1.4n Standard LaTeX file (size option)
)
\c@part=\count272
\c@section=\count273
\c@subsection=\count274
\c@subsubsection=\count275
\c@paragraph=\count276
\c@subparagraph=\count277
\c@figure=\count278
\c@table=\count279
\abovecaptionskip=\skip49
\belowcaptionskip=\skip50
\bibindent=\dimen146
) (c:/Users/Wiktor/AppData/Roaming/TinyTeX/texmf-dist/tex/latex/amsmath/amsmath.sty
Package: amsmath 2024/11/05 v2.17t AMS math features
\@mathmargin=\skip51
For additional information on amsmath, use the `?' option.
(c:/Users/Wiktor/AppData/Roaming/TinyTeX/texmf-dist/tex/latex/amsmath/amstext.sty
Package: amstext 2021/08/26 v2.01 AMS text
(c:/Users/Wiktor/AppData/Roaming/TinyTeX/texmf-dist/tex/latex/amsmath/amsgen.sty
File: amsgen.sty 1999/11/30 v2.0 generic functions
\@emptytoks=\toks17
\ex@=\dimen147
)) (c:/Users/Wiktor/AppData/Roaming/TinyTeX/texmf-dist/tex/latex/amsmath/amsbsy.sty
Package: amsbsy 1999/11/29 v1.2d Bold Symbols
\pmbraise@=\dimen148
) (c:/Users/Wiktor/AppData/Roaming/TinyTeX/texmf-dist/tex/latex/amsmath/amsopn.sty
Package: amsopn 2022/04/08 v2.04 operator names
)
\inf@bad=\count280
LaTeX Info: Redefining \frac on input line 233.
\uproot@=\count281
\leftroot@=\count282
LaTeX Info: Redefining \overline on input line 398.
LaTeX Info: Redefining \colon on input line 409.
\classnum@=\count283
\DOTSCASE@=\count284
LaTeX Info: Redefining \ldots on input line 495.
LaTeX Info: Redefining \dots on input line 498.
LaTeX Info: Redefining \cdots on input line 619.
\Mathstrutbox@=\box53
\strutbox@=\box54
LaTeX Info: Redefining \big on input line 721.
LaTeX Info: Redefining \Big on input line 722.
LaTeX Info: Redefining \bigg on input line 723.
LaTeX Info: Redefining \Bigg on input line 724.
\big@size=\dimen149
LaTeX Font Info:    Redeclaring font encoding OML on input line 742.
LaTeX Font Info:    Redeclaring font encoding OMS on input line 743.
\macc@depth=\count285
LaTeX Info: Redefining \bmod on input line 904.
LaTeX Info: Redefining \pmod on input line 909.
LaTeX Info: Redefining \smash on input line 939.
LaTeX Info: Redefining \relbar on input line 969.
LaTeX Info: Redefining \Relbar on input line 970.
\c@MaxMatrixCols=\count286
\dotsspace@=\muskip17
\c@parentequation=\count287
\dspbrk@lvl=\count288
\tag@help=\toks18
\row@=\count289
\column@=\count290
\maxfields@=\count291
\andhelp@=\toks19
\eqnshift@=\dimen150
\alignsep@=\dimen151
\tagshift@=\dimen152
\tagwidth@=\dimen153
\totwidth@=\dimen154
\lineht@=\dimen155
\@envbody=\toks20
\multlinegap=\skip52
\multlinetaggap=\skip53
\mathdisplay@stack=\toks21
LaTeX Info: Redefining \[ on input line 2953.
LaTeX Info: Redefining \] on input line 2954.
) (c:/Users/Wiktor/AppData/Roaming/TinyTeX/texmf-dist/tex/latex/amsfonts/amssymb.sty
Package: amssymb 2013/01/14 v3.01 AMS font symbols
(c:/Users/Wiktor/AppData/Roaming/TinyTeX/texmf-dist/tex/latex/amsfonts/amsfonts.sty
Package: amsfonts 2013/01/14 v3.01 Basic AMSFonts support
\symAMSa=\mathgroup4
\symAMSb=\mathgroup5
LaTeX Font Info:    Redeclaring math symbol \hbar on input line 98.
LaTeX Font Info:    Overwriting math alphabet `\mathfrak' in version `bold'
(Font)                  U/euf/m/n --> U/euf/b/n on input line 106.
)) (c:/Users/Wiktor/AppData/Roaming/TinyTeX/texmf-dist/tex/generic/iftex/iftex.sty
Package: iftex 2024/12/12 v1.0g TeX engine tests
) (c:/Users/Wiktor/AppData/Roaming/TinyTeX/texmf-dist/tex/latex/base/fontenc.sty
Package: fontenc 2021/04/29 v2.0v Standard LaTeX package
) (c:/Users/Wiktor/AppData/Roaming/TinyTeX/texmf-dist/tex/latex/base/inputenc.sty
Package: inputenc 2024/02/08 v1.3d Input encoding file
\inpenc@prehook=\toks22
\inpenc@posthook=\toks23
) (c:/Users/Wiktor/AppData/Roaming/TinyTeX/texmf-dist/tex/latex/base/textcomp.sty
Package: textcomp 2024/04/24 v2.1b Standard LaTeX package
) (c:/Users/Wiktor/AppData/Roaming/TinyTeX/texmf-dist/tex/latex/lm/lmodern.sty
Package: lmodern 2015/05/01 v1.6.1 Latin Modern Fonts
LaTeX Font Info:    Overwriting symbol font `operators' in version `normal'
(Font)                  OT1/cmr/m/n --> OT1/lmr/m/n on input line 22.
LaTeX Font Info:    Overwriting symbol font `letters' in version `normal'
(Font)                  OML/cmm/m/it --> OML/lmm/m/it on input line 23.
LaTeX Font Info:    Overwriting symbol font `symbols' in version `normal'
(Font)                  OMS/cmsy/m/n --> OMS/lmsy/m/n on input line 24.
LaTeX Font Info:    Overwriting symbol font `largesymbols' in version `normal'
(Font)                  OMX/cmex/m/n --> OMX/lmex/m/n on input line 25.
LaTeX Font Info:    Overwriting symbol font `operators' in version `bold'
(Font)                  OT1/cmr/bx/n --> OT1/lmr/bx/n on input line 26.
LaTeX Font Info:    Overwriting symbol font `letters' in version `bold'
(Font)                  OML/cmm/b/it --> OML/lmm/b/it on input line 27.
LaTeX Font Info:    Overwriting symbol font `symbols' in version `bold'
(Font)                  OMS/cmsy/b/n --> OMS/lmsy/b/n on input line 28.
LaTeX Font Info:    Overwriting symbol font `largesymbols' in version `bold'
(Font)                  OMX/cmex/m/n --> OMX/lmex/m/n on input line 29.
LaTeX Font Info:    Overwriting math alphabet `\mathbf' in version `normal'
(Font)                  OT1/cmr/bx/n --> OT1/lmr/bx/n on input line 31.
LaTeX Font Info:    Overwriting math alphabet `\mathsf' in version `normal'
(Font)                  OT1/cmss/m/n --> OT1/lmss/m/n on input line 32.
LaTeX Font Info:    Overwriting math alphabet `\mathit' in version `normal'
(Font)                  OT1/cmr/m/it --> OT1/lmr/m/it on input line 33.
LaTeX Font Info:    Overwriting math alphabet `\mathtt' in version `normal'
(Font)                  OT1/cmtt/m/n --> OT1/lmtt/m/n on input line 34.
LaTeX Font Info:    Overwriting math alphabet `\mathbf' in version `bold'
(Font)                  OT1/cmr/bx/n --> OT1/lmr/bx/n on input line 35.
LaTeX Font Info:    Overwriting math alphabet `\mathsf' in version `bold'
(Font)                  OT1/cmss/bx/n --> OT1/lmss/bx/n on input line 36.
LaTeX Font Info:    Overwriting math alphabet `\mathit' in version `bold'
(Font)                  OT1/cmr/bx/it --> OT1/lmr/bx/it on input line 37.
LaTeX Font Info:    Overwriting math alphabet `\mathtt' in version `bold'
(Font)                  OT1/cmtt/m/n --> OT1/lmtt/m/n on input line 38.
) (c:/Users/Wiktor/AppData/Roaming/TinyTeX/texmf-dist/tex/latex/xcolor/xcolor.sty
Package: xcolor 2024/09/29 v3.02 LaTeX color extensions (UK)
(c:/Users/Wiktor/AppData/Roaming/TinyTeX/texmf-dist/tex/latex/graphics-cfg/color.cfg
File: color.cfg 2016/01/02 v1.6 sample color configuration
)
Package xcolor Info: Driver file: pdftex.def on input line 274.
(c:/Users/Wiktor/AppData/Roaming/TinyTeX/texmf-dist/tex/latex/graphics-def/pdftex.def
File: pdftex.def 2024/04/13 v1.2c Graphics/color driver for pdftex
) (c:/Users/Wiktor/AppData/Roaming/TinyTeX/texmf-dist/tex/latex/graphics/mathcolor.ltx)
Package xcolor Info: Model `cmy' substituted by `cmy0' on input line 1349.
Package xcolor Info: Model `hsb' substituted by `rgb' on input line 1353.
Package xcolor Info: Model `RGB' extended on input line 1365.
Package xcolor Info: Model `HTML' substituted by `rgb' on input line 1367.
Package xcolor Info: Model `Hsb' substituted by `hsb' on input line 1368.
Package xcolor Info: Model `tHsb' substituted by `hsb' on input line 1369.
Package xcolor Info: Model `HSB' substituted by `hsb' on input line 1370.
Package xcolor Info: Model `Gray' substituted by `gray' on input line 1371.
Package xcolor Info: Model `wave' substituted by `hsb' on input line 1372.
) (c:/Users/Wiktor/AppData/Roaming/TinyTeX/texmf-dist/tex/latex/geometry/geometry.sty
Package: geometry 2020/01/02 v5.9 Page Geometry
(c:/Users/Wiktor/AppData/Roaming/TinyTeX/texmf-dist/tex/latex/graphics/keyval.sty
Package: keyval 2022/05/29 v1.15 key=value parser (DPC)
\KV@toks@=\toks24
) (c:/Users/Wiktor/AppData/Roaming/TinyTeX/texmf-dist/tex/generic/iftex/ifvtex.sty
Package: ifvtex 2019/10/25 v1.7 ifvtex legacy package. Use iftex instead.
)
\Gm@cnth=\count292
\Gm@cntv=\count293
\c@Gm@tempcnt=\count294
\Gm@bindingoffset=\dimen156
\Gm@wd@mp=\dimen157
\Gm@odd@mp=\dimen158
\Gm@even@mp=\dimen159
\Gm@layoutwidth=\dimen160
\Gm@layoutheight=\dimen161
\Gm@layouthoffset=\dimen162
\Gm@layoutvoffset=\dimen163
\Gm@dimlist=\toks25
) (c:/Users/Wiktor/AppData/Roaming/TinyTeX/texmf-dist/tex/latex/fancyvrb/fancyvrb.sty
Package: fancyvrb 2024/01/20 4.5c verbatim text (tvz,hv)
\FV@CodeLineNo=\count295
\FV@InFile=\read2
\FV@TabBox=\box55
\c@FancyVerbLine=\count296
\FV@StepNumber=\count297
\FV@OutFile=\write3
) (c:/Users/Wiktor/AppData/Roaming/TinyTeX/texmf-dist/tex/latex/framed/framed.sty
Package: framed 2011/10/22 v 0.96: framed or shaded text with page breaks
\OuterFrameSep=\skip54
\fb@frw=\dimen164
\fb@frh=\dimen165
\FrameRule=\dimen166
\FrameSep=\dimen167
) (c:/Users/Wiktor/AppData/Roaming/TinyTeX/texmf-dist/tex/latex/tools/longtable.sty
Package: longtable 2024-10-27 v4.22 Multi-page Table package (DPC)
\LTleft=\skip55
\LTright=\skip56
\LTpre=\skip57
\LTpost=\skip58
\LTchunksize=\count298
\LTcapwidth=\dimen168
\LT@head=\box56
\LT@firsthead=\box57
\LT@foot=\box58
\LT@lastfoot=\box59
\LT@gbox=\box60
\LT@cols=\count299
\LT@rows=\count300
\c@LT@tables=\count301
\c@LT@chunks=\count302
\LT@p@ftn=\toks26
) (c:/Users/Wiktor/AppData/Roaming/TinyTeX/texmf-dist/tex/latex/booktabs/booktabs.sty
Package: booktabs 2020/01/12 v1.61803398 Publication quality tables
\heavyrulewidth=\dimen169
\lightrulewidth=\dimen170
\cmidrulewidth=\dimen171
\belowrulesep=\dimen172
\belowbottomsep=\dimen173
\aboverulesep=\dimen174
\abovetopsep=\dimen175
\cmidrulesep=\dimen176
\cmidrulekern=\dimen177
\defaultaddspace=\dimen178
\@cmidla=\count303
\@cmidlb=\count304
\@aboverulesep=\dimen179
\@belowrulesep=\dimen180
\@thisruleclass=\count305
\@lastruleclass=\count306
\@thisrulewidth=\dimen181
) (c:/Users/Wiktor/AppData/Roaming/TinyTeX/texmf-dist/tex/latex/tools/array.sty
Package: array 2024/10/17 v2.6g Tabular extension package (FMi)
\col@sep=\dimen182
\ar@mcellbox=\box61
\extrarowheight=\dimen183
\NC@list=\toks27
\extratabsurround=\skip59
\backup@length=\skip60
\ar@cellbox=\box62
) (c:/Users/Wiktor/AppData/Roaming/TinyTeX/texmf-dist/tex/latex/tools/calc.sty
Package: calc 2023/07/08 v4.3 Infix arithmetic (KKT,FJ)
\calc@Acount=\count307
\calc@Bcount=\count308
\calc@Adimen=\dimen184
\calc@Bdimen=\dimen185
\calc@Askip=\skip61
\calc@Bskip=\skip62
LaTeX Info: Redefining \setlength on input line 80.
LaTeX Info: Redefining \addtolength on input line 81.
\calc@Ccount=\count309
\calc@Cskip=\skip63
) (c:/Users/Wiktor/AppData/Roaming/TinyTeX/texmf-dist/tex/latex/etoolbox/etoolbox.sty
Package: etoolbox 2025/02/11 v2.5l e-TeX tools for LaTeX (JAW)
\etb@tempcnta=\count310
) (c:/Users/Wiktor/AppData/Roaming/TinyTeX/texmf-dist/tex/latex/mdwtools/footnote.sty
Package: footnote 1997/01/28 1.13 Save footnotes around boxes
\fn@notes=\box63
\fn@width=\dimen186
) (c:/Users/Wiktor/AppData/Roaming/TinyTeX/texmf-dist/tex/latex/graphics/graphicx.sty
Package: graphicx 2021/09/16 v1.2d Enhanced LaTeX Graphics (DPC,SPQR)
(c:/Users/Wiktor/AppData/Roaming/TinyTeX/texmf-dist/tex/latex/graphics/graphics.sty
Package: graphics 2024/08/06 v1.4g Standard LaTeX Graphics (DPC,SPQR)
(c:/Users/Wiktor/AppData/Roaming/TinyTeX/texmf-dist/tex/latex/graphics/trig.sty
Package: trig 2023/12/02 v1.11 sin cos tan (DPC)
) (c:/Users/Wiktor/AppData/Roaming/TinyTeX/texmf-dist/tex/latex/graphics-cfg/graphics.cfg
File: graphics.cfg 2016/06/04 v1.11 sample graphics configuration
)
Package graphics Info: Driver file: pdftex.def on input line 106.
)
\Gin@req@height=\dimen187
\Gin@req@width=\dimen188
)
\pandoc@box=\box64
(c:/Users/Wiktor/AppData/Roaming/TinyTeX/texmf-dist/tex/latex/float/float.sty
Package: float 2001/11/08 v1.3d Float enhancements (AL)
\c@float@type=\count311
\float@exts=\toks28
\float@box=\box65
\@float@everytoks=\toks29
\@floatcapt=\box66
) (c:/Users/Wiktor/AppData/Roaming/TinyTeX/texmf-dist/tex/latex/polski/polski.sty
Package: polski 2021/08/25 v1.3.6 Polish language package
   Inputenc package detected. Catcodes not changed.
(c:/Users/Wiktor/AppData/Roaming/TinyTeX/texmf-dist/tex/latex/base/ot4enc.def
File: ot4enc.def 2021/04/29 v2.0v Standard LaTeX file
Now handling font encoding OT4 ...
... no UTF-8 mapping file for font encoding OT4
)) (c:/Users/Wiktor/AppData/Roaming/TinyTeX/texmf-dist/tex/latex/bookmark/bookmark.sty
Package: bookmark 2023-12-10 v1.31 PDF bookmarks (HO)
(c:/Users/Wiktor/AppData/Roaming/TinyTeX/texmf-dist/tex/latex/hyperref/hyperref.sty
Package: hyperref 2025-05-20 v7.01m Hypertext links for LaTeX
(c:/Users/Wiktor/AppData/Roaming/TinyTeX/texmf-dist/tex/latex/kvsetkeys/kvsetkeys.sty
Package: kvsetkeys 2022-10-05 v1.19 Key value parser (HO)
) (c:/Users/Wiktor/AppData/Roaming/TinyTeX/texmf-dist/tex/generic/kvdefinekeys/kvdefinekeys.sty
Package: kvdefinekeys 2019-12-19 v1.6 Define keys (HO)
) (c:/Users/Wiktor/AppData/Roaming/TinyTeX/texmf-dist/tex/generic/pdfescape/pdfescape.sty
Package: pdfescape 2019/12/09 v1.15 Implements pdfTeX's escape features (HO)
(c:/Users/Wiktor/AppData/Roaming/TinyTeX/texmf-dist/tex/generic/ltxcmds/ltxcmds.sty
Package: ltxcmds 2023-12-04 v1.26 LaTeX kernel commands for general use (HO)
) (c:/Users/Wiktor/AppData/Roaming/TinyTeX/texmf-dist/tex/generic/pdftexcmds/pdftexcmds.sty
Package: pdftexcmds 2020-06-27 v0.33 Utility functions of pdfTeX for LuaTeX (HO)
(c:/Users/Wiktor/AppData/Roaming/TinyTeX/texmf-dist/tex/generic/infwarerr/infwarerr.sty
Package: infwarerr 2019/12/03 v1.5 Providing info/warning/error messages (HO)
)
Package pdftexcmds Info: \pdf@primitive is available.
Package pdftexcmds Info: \pdf@ifprimitive is available.
Package pdftexcmds Info: \pdfdraftmode found.
)) (c:/Users/Wiktor/AppData/Roaming/TinyTeX/texmf-dist/tex/latex/hycolor/hycolor.sty
Package: hycolor 2020-01-27 v1.10 Color options for hyperref/bookmark (HO)
) (c:/Users/Wiktor/AppData/Roaming/TinyTeX/texmf-dist/tex/latex/hyperref/nameref.sty
Package: nameref 2023-11-26 v2.56 Cross-referencing by name of section
(c:/Users/Wiktor/AppData/Roaming/TinyTeX/texmf-dist/tex/latex/refcount/refcount.sty
Package: refcount 2019/12/15 v3.6 Data extraction from label references (HO)
) (c:/Users/Wiktor/AppData/Roaming/TinyTeX/texmf-dist/tex/generic/gettitlestring/gettitlestring.sty
Package: gettitlestring 2019/12/15 v1.6 Cleanup title references (HO)
(c:/Users/Wiktor/AppData/Roaming/TinyTeX/texmf-dist/tex/latex/kvoptions/kvoptions.sty
Package: kvoptions 2022-06-15 v3.15 Key value format for package options (HO)
))
\c@section@level=\count312
) (c:/Users/Wiktor/AppData/Roaming/TinyTeX/texmf-dist/tex/generic/stringenc/stringenc.sty
Package: stringenc 2019/11/29 v1.12 Convert strings between diff. encodings (HO)
)
\@linkdim=\dimen189
\Hy@linkcounter=\count313
\Hy@pagecounter=\count314
(c:/Users/Wiktor/AppData/Roaming/TinyTeX/texmf-dist/tex/latex/hyperref/pd1enc.def
File: pd1enc.def 2025-05-20 v7.01m Hyperref: PDFDocEncoding definition (HO)
Now handling font encoding PD1 ...
... no UTF-8 mapping file for font encoding PD1
) (c:/Users/Wiktor/AppData/Roaming/TinyTeX/texmf-dist/tex/generic/intcalc/intcalc.sty
Package: intcalc 2019/12/15 v1.3 Expandable calculations with integers (HO)
)
\Hy@SavedSpaceFactor=\count315
(c:/Users/Wiktor/AppData/Roaming/TinyTeX/texmf-dist/tex/latex/hyperref/puenc.def
File: puenc.def 2025-05-20 v7.01m Hyperref: PDF Unicode definition (HO)
Now handling font encoding PU ...
... no UTF-8 mapping file for font encoding PU
)
Package hyperref Info: Option `unicode' set `true' on input line 4040.
Package hyperref Info: Hyper figures OFF on input line 4157.
Package hyperref Info: Link nesting OFF on input line 4162.
Package hyperref Info: Hyper index ON on input line 4165.
Package hyperref Info: Plain pages OFF on input line 4172.
Package hyperref Info: Backreferencing OFF on input line 4177.
Package hyperref Info: Implicit mode ON; LaTeX internals redefined.
Package hyperref Info: Bookmarks ON on input line 4424.
\c@Hy@tempcnt=\count316
(c:/Users/Wiktor/AppData/Roaming/TinyTeX/texmf-dist/tex/latex/url/url.sty
\Urlmuskip=\muskip18
Package: url 2013/09/16  ver 3.4  Verb mode for urls, etc.
)
LaTeX Info: Redefining \url on input line 4763.
\XeTeXLinkMargin=\dimen190
(c:/Users/Wiktor/AppData/Roaming/TinyTeX/texmf-dist/tex/generic/bitset/bitset.sty
Package: bitset 2019/12/09 v1.3 Handle bit-vector datatype (HO)
(c:/Users/Wiktor/AppData/Roaming/TinyTeX/texmf-dist/tex/generic/bigintcalc/bigintcalc.sty
Package: bigintcalc 2019/12/15 v1.5 Expandable calculations on big integers (HO)
))
\Fld@menulength=\count317
\Field@Width=\dimen191
\Fld@charsize=\dimen192
Package hyperref Info: Hyper figures OFF on input line 6042.
Package hyperref Info: Link nesting OFF on input line 6047.
Package hyperref Info: Hyper index ON on input line 6050.
Package hyperref Info: backreferencing OFF on input line 6057.
Package hyperref Info: Link coloring OFF on input line 6062.
Package hyperref Info: Link coloring with OCG OFF on input line 6067.
Package hyperref Info: PDF/A mode OFF on input line 6072.
(c:/Users/Wiktor/AppData/Roaming/TinyTeX/texmf-dist/tex/latex/base/atbegshi-ltx.sty
Package: atbegshi-ltx 2021/01/10 v1.0c Emulation of the original atbegshi
package with kernel methods
)
\Hy@abspage=\count318
\c@Item=\count319
\c@Hfootnote=\count320
)
Package hyperref Info: Driver (autodetected): hpdftex.
(c:/Users/Wiktor/AppData/Roaming/TinyTeX/texmf-dist/tex/latex/hyperref/hpdftex.def
File: hpdftex.def 2025-05-20 v7.01m Hyperref driver for pdfTeX
\Fld@listcount=\count321
\c@bookmark@seq@number=\count322
(c:/Users/Wiktor/AppData/Roaming/TinyTeX/texmf-dist/tex/latex/rerunfilecheck/rerunfilecheck.sty
Package: rerunfilecheck 2022-07-10 v1.10 Rerun checks for auxiliary files (HO)
(c:/Users/Wiktor/AppData/Roaming/TinyTeX/texmf-dist/tex/latex/base/atveryend-ltx.sty
Package: atveryend-ltx 2020/08/19 v1.0a Emulation of the original atveryend package
with kernel methods
) (c:/Users/Wiktor/AppData/Roaming/TinyTeX/texmf-dist/tex/generic/uniquecounter/uniquecounter.sty
Package: uniquecounter 2019/12/15 v1.4 Provide unlimited unique counter (HO)
)
Package uniquecounter Info: New unique counter `rerunfilecheck' on input line 285.
)
\Hy@SectionHShift=\skip64
) (c:/Users/Wiktor/AppData/Roaming/TinyTeX/texmf-dist/tex/latex/bookmark/bkm-pdftex.def
File: bkm-pdftex.def 2023-12-10 v1.31 bookmark driver for pdfTeX and luaTeX (HO)
\BKM@id=\count323
))
LaTeX Font Info:    Trying to load font information for OT4+lmr on input line 135.
(c:/Users/Wiktor/AppData/Roaming/TinyTeX/texmf-dist/tex/latex/lm/ot4lmr.fd
File: ot4lmr.fd 2015/05/01 v1.6.1 Font defs for Latin Modern
) (c:/Users/Wiktor/AppData/Roaming/TinyTeX/texmf-dist/tex/latex/l3backend/l3backend-pdftex.def
File: l3backend-pdftex.def 2025-04-14 L3 backend support: PDF output (pdfTeX)
\l__color_backend_stack_int=\count324
) (./FilipMichewicz_WiktorNiedzwiedzki.aux

LaTeX Warning: Label `fig' multiply defined.


LaTeX Warning: Label `fig' multiply defined.

)
\openout1 = `FilipMichewicz_WiktorNiedzwiedzki.aux'.

LaTeX Font Info:    Checking defaults for OML/cmm/m/it on input line 135.
LaTeX Font Info:    ... okay on input line 135.
LaTeX Font Info:    Checking defaults for OMS/cmsy/m/n on input line 135.
LaTeX Font Info:    ... okay on input line 135.
LaTeX Font Info:    Checking defaults for OT1/cmr/m/n on input line 135.
LaTeX Font Info:    ... okay on input line 135.
LaTeX Font Info:    Checking defaults for T1/cmr/m/n on input line 135.
LaTeX Font Info:    ... okay on input line 135.
LaTeX Font Info:    Checking defaults for TS1/cmr/m/n on input line 135.
LaTeX Font Info:    ... okay on input line 135.
LaTeX Font Info:    Checking defaults for OMX/cmex/m/n on input line 135.
LaTeX Font Info:    ... okay on input line 135.
LaTeX Font Info:    Checking defaults for U/cmr/m/n on input line 135.
LaTeX Font Info:    ... okay on input line 135.
LaTeX Font Info:    Checking defaults for OT4/cmr/m/n on input line 135.
LaTeX Font Info:    Trying to load font information for OT4+cmr on input line 135.
(c:/Users/Wiktor/AppData/Roaming/TinyTeX/texmf-dist/tex/latex/polski/ot4cmr.fd
File: ot4cmr.fd 2008/02/24 v1.2.1 Font defs for fonts PL (MW)
)
LaTeX Font Info:    ... okay on input line 135.
LaTeX Font Info:    Checking defaults for PD1/pdf/m/n on input line 135.
LaTeX Font Info:    ... okay on input line 135.
LaTeX Font Info:    Checking defaults for PU/pdf/m/n on input line 135.
LaTeX Font Info:    ... okay on input line 135.
(c:/Users/Wiktor/AppData/Roaming/TinyTeX/texmf-dist/tex/latex/epstopdf-pkg/epstopdf-base.sty
Package: epstopdf-base 2020-01-24 v2.11 Base part for package epstopdf
Package epstopdf-base Info: Redefining graphics rule for `.eps' on input line 485.
(c:/Users/Wiktor/AppData/Roaming/TinyTeX/texmf-dist/tex/latex/latexconfig/epstopdf-sys.cfg
File: epstopdf-sys.cfg 2010/07/13 v1.3 Configuration of (r)epstopdf for TeX Live
))
*geometry* driver: auto-detecting
*geometry* detected driver: pdftex
*geometry* verbose mode - [ preamble ] result:
* driver: pdftex
* paper: <default>
* layout: <same size as paper>
* layoutoffset:(h,v)=(0.0pt,0.0pt)
* modes: 
* h-part:(L,W,R)=(72.26999pt, 469.75502pt, 72.26999pt)
* v-part:(T,H,B)=(72.26999pt, 650.43001pt, 72.26999pt)
* \paperwidth=614.295pt
* \paperheight=794.96999pt
* \textwidth=469.75502pt
* \textheight=650.43001pt
* \oddsidemargin=0.0pt
* \evensidemargin=0.0pt
* \topmargin=-37.0pt
* \headheight=12.0pt
* \headsep=25.0pt
* \topskip=10.0pt
* \footskip=30.0pt
* \marginparwidth=65.0pt
* \marginparsep=11.0pt
* \columnsep=10.0pt
* \skip\footins=9.0pt plus 4.0pt minus 2.0pt
* \hoffset=0.0pt
* \voffset=0.0pt
* \mag=1000
* \@twocolumnfalse
* \@twosidefalse
* \@mparswitchfalse
* \@reversemarginfalse
* (1in=72.27pt=25.4mm, 1cm=28.453pt)

Package hyperref Info: Link coloring OFF on input line 135.
LaTeX Font Info:    Trying to load font information for OT1+lmr on input line 137.
(c:/Users/Wiktor/AppData/Roaming/TinyTeX/texmf-dist/tex/latex/lm/ot1lmr.fd
File: ot1lmr.fd 2015/05/01 v1.6.1 Font defs for Latin Modern
)
LaTeX Font Info:    Trying to load font information for OML+lmm on input line 137.
(c:/Users/Wiktor/AppData/Roaming/TinyTeX/texmf-dist/tex/latex/lm/omllmm.fd
File: omllmm.fd 2015/05/01 v1.6.1 Font defs for Latin Modern
)
LaTeX Font Info:    Trying to load font information for OMS+lmsy on input line 137.
(c:/Users/Wiktor/AppData/Roaming/TinyTeX/texmf-dist/tex/latex/lm/omslmsy.fd
File: omslmsy.fd 2015/05/01 v1.6.1 Font defs for Latin Modern
)
LaTeX Font Info:    Trying to load font information for OMX+lmex on input line 137.
(c:/Users/Wiktor/AppData/Roaming/TinyTeX/texmf-dist/tex/latex/lm/omxlmex.fd
File: omxlmex.fd 2015/05/01 v1.6.1 Font defs for Latin Modern
)
LaTeX Font Info:    External font `lmex10' loaded for size
(Font)              <12> on input line 137.
LaTeX Font Info:    External font `lmex10' loaded for size
(Font)              <8> on input line 137.
LaTeX Font Info:    External font `lmex10' loaded for size
(Font)              <6> on input line 137.
LaTeX Font Info:    Trying to load font information for U+msa on input line 137.
(c:/Users/Wiktor/AppData/Roaming/TinyTeX/texmf-dist/tex/latex/amsfonts/umsa.fd
File: umsa.fd 2013/01/14 v3.01 AMS symbols A
)
LaTeX Font Info:    Trying to load font information for U+msb on input line 137.
(c:/Users/Wiktor/AppData/Roaming/TinyTeX/texmf-dist/tex/latex/amsfonts/umsb.fd
File: umsb.fd 2013/01/14 v3.01 AMS symbols B
) (./FilipMichewicz_WiktorNiedzwiedzki.toc
LaTeX Font Info:    External font `lmex10' loaded for size
(Font)              <10> on input line 3.
LaTeX Font Info:    External font `lmex10' loaded for size
(Font)              <7> on input line 3.
LaTeX Font Info:    External font `lmex10' loaded for size
(Font)              <5> on input line 3.
)
\tf@toc=\write4
\openout4 = `FilipMichewicz_WiktorNiedzwiedzki.toc'.



[1

{c:/Users/Wiktor/AppData/Roaming/TinyTeX/texmf-var/fonts/map/pdftex/updmap/pdftex.map}{c:/Users/Wiktor/AppData/Roaming/TinyTeX/texmf-dist/fonts/enc/dvips/lm/lm-rm.enc}] (./FilipMichewicz_WiktorNiedzwiedzki.lof)
\tf@lof=\write5
\openout5 = `FilipMichewicz_WiktorNiedzwiedzki.lof'.

(./FilipMichewicz_WiktorNiedzwiedzki.lot

[2])
\tf@lot=\write6
\openout6 = `FilipMichewicz_WiktorNiedzwiedzki.lot'.

LaTeX Font Info:    Trying to load font information for OT4+lmtt on input line 145.
(c:/Users/Wiktor/AppData/Roaming/TinyTeX/texmf-dist/tex/latex/lm/ot4lmtt.fd
File: ot4lmtt.fd 2015/05/01 v1.6.1 Font defs for Latin Modern
)
LaTeX Font Info:    Font shape `OT4/lmtt/bx/n' in size <10> not available
(Font)              Font shape `OT4/lmtt/b/n' tried instead on input line 146.


[3{c:/Users/Wiktor/AppData/Roaming/TinyTeX/texmf-dist/fonts/enc/dvips/lm/lm-rmtt.enc}]

[4]
LaTeX Font Info:    Trying to load font information for OML+lmtt on input line 363.
LaTeX Font Info:    No file OMLlmtt.fd. on input line 363.

LaTeX Font Warning: Font shape `OML/lmtt/m/n' undefined
(Font)              using `OML/cmm/m/it' instead
(Font)              for symbol `textless' on input line 363.



[5]
LaTeX Font Info:    Trying to load font information for TS1+lmr on input line 405.
(c:/Users/Wiktor/AppData/Roaming/TinyTeX/texmf-dist/tex/latex/lm/ts1lmr.fd
File: ts1lmr.fd 2015/05/01 v1.6.1 Font defs for Latin Modern
)

[6{c:/Users/Wiktor/AppData/Roaming/TinyTeX/texmf-dist/fonts/enc/dvips/lm/lm-ts1.enc}]
<FilipMichewicz_WiktorNiedzwiedzki_files/figure-latex/unnamed-chunk-2-1.pdf, id=162, 289.08pt x 289.08pt>
File: FilipMichewicz_WiktorNiedzwiedzki_files/figure-latex/unnamed-chunk-2-1.pdf Graphic file (type pdf)
<use FilipMichewicz_WiktorNiedzwiedzki_files/figure-latex/unnamed-chunk-2-1.pdf>
Package pdftex.def Info: FilipMichewicz_WiktorNiedzwiedzki_files/figure-latex/unnamed-chunk-2-1.pdf  used on input line 488.
(pdftex.def)             Requested size: 289.07928pt x 289.07928pt.


[7 <./FilipMichewicz_WiktorNiedzwiedzki_files/figure-latex/unnamed-chunk-2-1.pdf>]
<FilipMichewicz_WiktorNiedzwiedzki_files/figure-latex/unnamed-chunk-3-1.pdf, id=175, 505.89pt x 180.675pt>
File: FilipMichewicz_WiktorNiedzwiedzki_files/figure-latex/unnamed-chunk-3-1.pdf Graphic file (type pdf)
<use FilipMichewicz_WiktorNiedzwiedzki_files/figure-latex/unnamed-chunk-3-1.pdf>
Package pdftex.def Info: FilipMichewicz_WiktorNiedzwiedzki_files/figure-latex/unnamed-chunk-3-1.pdf  used on input line 537.
(pdftex.def)             Requested size: 505.88875pt x 180.67455pt.
LaTeX Font Info:    Trying to load font information for OML+lmr on input line 551.
(c:/Users/Wiktor/AppData/Roaming/TinyTeX/texmf-dist/tex/latex/lm/omllmr.fd
File: omllmr.fd 2015/05/01 v1.6.1 Font defs for Latin Modern
)
LaTeX Font Info:    Font shape `OML/lmr/m/n' in size <10> not available
(Font)              Font shape `OML/lmm/m/it' tried instead on input line 551.


[8{c:/Users/Wiktor/AppData/Roaming/TinyTeX/texmf-dist/fonts/enc/dvips/lm/lm-mathit.enc} <./FilipMichewicz_WiktorNiedzwiedzki_files/figure-latex/unnamed-chunk-3-1.pdf>]
LaTeX Font Info:    Trying to load font information for OMS+lmtt on input line 577.
LaTeX Font Info:    No file OMSlmtt.fd. on input line 577.

LaTeX Font Warning: Font shape `OMS/lmtt/m/n' undefined
(Font)              using `OMS/cmsy/m/n' instead
(Font)              for symbol `textbraceleft' on input line 577.

<FilipMichewicz_WiktorNiedzwiedzki_files/figure-latex/unnamed-chunk-5-1.pdf, id=188, 469.755pt x 505.89pt>
File: FilipMichewicz_WiktorNiedzwiedzki_files/figure-latex/unnamed-chunk-5-1.pdf Graphic file (type pdf)
<use FilipMichewicz_WiktorNiedzwiedzki_files/figure-latex/unnamed-chunk-5-1.pdf>
Package pdftex.def Info: FilipMichewicz_WiktorNiedzwiedzki_files/figure-latex/unnamed-chunk-5-1.pdf  used on input line 609.
(pdftex.def)             Requested size: 469.75386pt x 505.88875pt.
<FilipMichewicz_WiktorNiedzwiedzki_files/figure-latex/unnamed-chunk-6-1.pdf, id=189, 469.755pt x 325.215pt>
File: FilipMichewicz_WiktorNiedzwiedzki_files/figure-latex/unnamed-chunk-6-1.pdf Graphic file (type pdf)
<use FilipMichewicz_WiktorNiedzwiedzki_files/figure-latex/unnamed-chunk-6-1.pdf>
Package pdftex.def Info: FilipMichewicz_WiktorNiedzwiedzki_files/figure-latex/unnamed-chunk-6-1.pdf  used on input line 634.
(pdftex.def)             Requested size: 469.75386pt x 325.2142pt.


[9]

[10 <./FilipMichewicz_WiktorNiedzwiedzki_files/figure-latex/unnamed-chunk-5-1.pdf>]

[11 <./FilipMichewicz_WiktorNiedzwiedzki_files/figure-latex/unnamed-chunk-6-1.pdf>]
<FilipMichewicz_WiktorNiedzwiedzki_files/figure-latex/unnamed-chunk-8-1.pdf, id=217, 469.755pt x 361.35pt>
File: FilipMichewicz_WiktorNiedzwiedzki_files/figure-latex/unnamed-chunk-8-1.pdf Graphic file (type pdf)
<use FilipMichewicz_WiktorNiedzwiedzki_files/figure-latex/unnamed-chunk-8-1.pdf>
Package pdftex.def Info: FilipMichewicz_WiktorNiedzwiedzki_files/figure-latex/unnamed-chunk-8-1.pdf  used on input line 709.
(pdftex.def)             Requested size: 469.75386pt x 361.34912pt.
<FilipMichewicz_WiktorNiedzwiedzki_files/figure-latex/unnamed-chunk-9-1.pdf, id=218, 469.755pt x 361.35pt>
File: FilipMichewicz_WiktorNiedzwiedzki_files/figure-latex/unnamed-chunk-9-1.pdf Graphic file (type pdf)
<use FilipMichewicz_WiktorNiedzwiedzki_files/figure-latex/unnamed-chunk-9-1.pdf>
Package pdftex.def Info: FilipMichewicz_WiktorNiedzwiedzki_files/figure-latex/unnamed-chunk-9-1.pdf  used on input line 728.
(pdftex.def)             Requested size: 469.75386pt x 361.34912pt.


[12]

[13 <./FilipMichewicz_WiktorNiedzwiedzki_files/figure-latex/unnamed-chunk-8-1.pdf>]

[14 <./FilipMichewicz_WiktorNiedzwiedzki_files/figure-latex/unnamed-chunk-9-1.pdf>]
<FilipMichewicz_WiktorNiedzwiedzki_files/figure-latex/unnamed-chunk-10-1.pdf, id=242, 469.755pt x 361.35pt>
File: FilipMichewicz_WiktorNiedzwiedzki_files/figure-latex/unnamed-chunk-10-1.pdf Graphic file (type pdf)
<use FilipMichewicz_WiktorNiedzwiedzki_files/figure-latex/unnamed-chunk-10-1.pdf>
Package pdftex.def Info: FilipMichewicz_WiktorNiedzwiedzki_files/figure-latex/unnamed-chunk-10-1.pdf  used on input line 748.
(pdftex.def)             Requested size: 469.75386pt x 361.34912pt.
<FilipMichewicz_WiktorNiedzwiedzki_files/figure-latex/unnamed-chunk-11-1.pdf, id=243, 469.755pt x 361.35pt>
File: FilipMichewicz_WiktorNiedzwiedzki_files/figure-latex/unnamed-chunk-11-1.pdf Graphic file (type pdf)
<use FilipMichewicz_WiktorNiedzwiedzki_files/figure-latex/unnamed-chunk-11-1.pdf>
Package pdftex.def Info: FilipMichewicz_WiktorNiedzwiedzki_files/figure-latex/unnamed-chunk-11-1.pdf  used on input line 766.
(pdftex.def)             Requested size: 469.75386pt x 361.34912pt.


[15 <./FilipMichewicz_WiktorNiedzwiedzki_files/figure-latex/unnamed-chunk-10-1.pdf>]

[16 <./FilipMichewicz_WiktorNiedzwiedzki_files/figure-latex/unnamed-chunk-11-1.pdf>]
<FilipMichewicz_WiktorNiedzwiedzki_files/figure-latex/unnamed-chunk-13-1.pdf, id=262, 469.755pt x 325.215pt>
File: FilipMichewicz_WiktorNiedzwiedzki_files/figure-latex/unnamed-chunk-13-1.pdf Graphic file (type pdf)
<use FilipMichewicz_WiktorNiedzwiedzki_files/figure-latex/unnamed-chunk-13-1.pdf>
Package pdftex.def Info: FilipMichewicz_WiktorNiedzwiedzki_files/figure-latex/unnamed-chunk-13-1.pdf  used on input line 839.
(pdftex.def)             Requested size: 469.75386pt x 325.2142pt.


[17]

[18 <./FilipMichewicz_WiktorNiedzwiedzki_files/figure-latex/unnamed-chunk-13-1.pdf>]

[19]

[20]

[21]
<FilipMichewicz_WiktorNiedzwiedzki_files/figure-latex/unnamed-chunk-18-1.pdf, id=289, 469.755pt x 361.35pt>
File: FilipMichewicz_WiktorNiedzwiedzki_files/figure-latex/unnamed-chunk-18-1.pdf Graphic file (type pdf)
<use FilipMichewicz_WiktorNiedzwiedzki_files/figure-latex/unnamed-chunk-18-1.pdf>
Package pdftex.def Info: FilipMichewicz_WiktorNiedzwiedzki_files/figure-latex/unnamed-chunk-18-1.pdf  used on input line 1109.
(pdftex.def)             Requested size: 469.75386pt x 361.34912pt.


[22]

[23 <./FilipMichewicz_WiktorNiedzwiedzki_files/figure-latex/unnamed-chunk-18-1.pdf>]
<FilipMichewicz_WiktorNiedzwiedzki_files/figure-latex/unnamed-chunk-20-1.pdf, id=304, 469.755pt x 361.35pt>
File: FilipMichewicz_WiktorNiedzwiedzki_files/figure-latex/unnamed-chunk-20-1.pdf Graphic file (type pdf)
<use FilipMichewicz_WiktorNiedzwiedzki_files/figure-latex/unnamed-chunk-20-1.pdf>
Package pdftex.def Info: FilipMichewicz_WiktorNiedzwiedzki_files/figure-latex/unnamed-chunk-20-1.pdf  used on input line 1144.
(pdftex.def)             Requested size: 469.75386pt x 361.34912pt.


[24 <./FilipMichewicz_WiktorNiedzwiedzki_files/figure-latex/unnamed-chunk-20-1.pdf>]
<FilipMichewicz_WiktorNiedzwiedzki_files/figure-latex/unnamed-chunk-22-1.pdf, id=314, 469.755pt x 325.215pt>
File: FilipMichewicz_WiktorNiedzwiedzki_files/figure-latex/unnamed-chunk-22-1.pdf Graphic file (type pdf)
<use FilipMichewicz_WiktorNiedzwiedzki_files/figure-latex/unnamed-chunk-22-1.pdf>
Package pdftex.def Info: FilipMichewicz_WiktorNiedzwiedzki_files/figure-latex/unnamed-chunk-22-1.pdf  used on input line 1192.
(pdftex.def)             Requested size: 469.75386pt x 325.2142pt.


[25 <./FilipMichewicz_WiktorNiedzwiedzki_files/figure-latex/unnamed-chunk-22-1.pdf>]
Overfull \hbox (11.50562pt too wide) in paragraph at lines 1272--1272
[]|\OT1/lmr/m/n/10 Environmental.Quality|  
 []


Overfull \hbox (11.50562pt too wide) in paragraph at lines 1276--1276
[]|\OT1/lmr/m/n/10 Environmental.Quality|  
 []


Overfull \hbox (11.50562pt too wide) in paragraph at lines 1284--1284
[]|\OT1/lmr/m/n/10 Environmental.Quality|  
 []



[26]
<FilipMichewicz_WiktorNiedzwiedzki_files/figure-latex/unnamed-chunk-24-1.pdf, id=329, 505.89pt x 505.89pt>
File: FilipMichewicz_WiktorNiedzwiedzki_files/figure-latex/unnamed-chunk-24-1.pdf Graphic file (type pdf)
<use FilipMichewicz_WiktorNiedzwiedzki_files/figure-latex/unnamed-chunk-24-1.pdf>
Package pdftex.def Info: FilipMichewicz_WiktorNiedzwiedzki_files/figure-latex/unnamed-chunk-24-1.pdf  used on input line 1341.
(pdftex.def)             Requested size: 505.88875pt x 505.88875pt.
<FilipMichewicz_WiktorNiedzwiedzki_files/figure-latex/unnamed-chunk-25-1.pdf, id=330, 650.43pt x 433.62pt>
File: FilipMichewicz_WiktorNiedzwiedzki_files/figure-latex/unnamed-chunk-25-1.pdf Graphic file (type pdf)
<use FilipMichewicz_WiktorNiedzwiedzki_files/figure-latex/unnamed-chunk-25-1.pdf>
Package pdftex.def Info: FilipMichewicz_WiktorNiedzwiedzki_files/figure-latex/unnamed-chunk-25-1.pdf  used on input line 1390.
(pdftex.def)             Requested size: 650.4284pt x 433.61894pt.

Overfull \hbox (180.67339pt too wide) in paragraph at lines 1390--1391
 [][] 
 []



[27]

[28 <./FilipMichewicz_WiktorNiedzwiedzki_files/figure-latex/unnamed-chunk-24-1.pdf>]

[29 <./FilipMichewicz_WiktorNiedzwiedzki_files/figure-latex/unnamed-chunk-25-1.pdf>]

LaTeX Font Warning: Font shape `OML/lmtt/bx/n' undefined
(Font)              using `OML/cmm/m/it' instead
(Font)              for symbol `textgreater' on input line 1415.

<FilipMichewicz_WiktorNiedzwiedzki_files/figure-latex/unnamed-chunk-26-1.pdf, id=355, 469.755pt x 361.35pt>
File: FilipMichewicz_WiktorNiedzwiedzki_files/figure-latex/unnamed-chunk-26-1.pdf Graphic file (type pdf)
<use FilipMichewicz_WiktorNiedzwiedzki_files/figure-latex/unnamed-chunk-26-1.pdf>
Package pdftex.def Info: FilipMichewicz_WiktorNiedzwiedzki_files/figure-latex/unnamed-chunk-26-1.pdf  used on input line 1435.
(pdftex.def)             Requested size: 469.75386pt x 361.34912pt.


[30 <./FilipMichewicz_WiktorNiedzwiedzki_files/figure-latex/unnamed-chunk-26-1.pdf>]

[31]
<FilipMichewicz_WiktorNiedzwiedzki_files/figure-latex/unnamed-chunk-28-1.pdf, id=370, 650.43pt x 361.35pt>
File: FilipMichewicz_WiktorNiedzwiedzki_files/figure-latex/unnamed-chunk-28-1.pdf Graphic file (type pdf)
<use FilipMichewicz_WiktorNiedzwiedzki_files/figure-latex/unnamed-chunk-28-1.pdf>
Package pdftex.def Info: FilipMichewicz_WiktorNiedzwiedzki_files/figure-latex/unnamed-chunk-28-1.pdf  used on input line 1568.
(pdftex.def)             Requested size: 650.4284pt x 361.34912pt.


[32]
<FilipMichewicz_WiktorNiedzwiedzki_files/figure-latex/unnamed-chunk-29-1.pdf, id=375, 650.43pt x 361.35pt>
File: FilipMichewicz_WiktorNiedzwiedzki_files/figure-latex/unnamed-chunk-29-1.pdf Graphic file (type pdf)
<use FilipMichewicz_WiktorNiedzwiedzki_files/figure-latex/unnamed-chunk-29-1.pdf>
Package pdftex.def Info: FilipMichewicz_WiktorNiedzwiedzki_files/figure-latex/unnamed-chunk-29-1.pdf  used on input line 1603.
(pdftex.def)             Requested size: 650.4284pt x 361.34912pt.
<FilipMichewicz_WiktorNiedzwiedzki_files/figure-latex/unnamed-chunk-30-1.pdf, id=376, 650.43pt x 361.35pt>
File: FilipMichewicz_WiktorNiedzwiedzki_files/figure-latex/unnamed-chunk-30-1.pdf Graphic file (type pdf)
<use FilipMichewicz_WiktorNiedzwiedzki_files/figure-latex/unnamed-chunk-30-1.pdf>
Package pdftex.def Info: FilipMichewicz_WiktorNiedzwiedzki_files/figure-latex/unnamed-chunk-30-1.pdf  used on input line 1627.
(pdftex.def)             Requested size: 650.4284pt x 361.34912pt.


[33 <./FilipMichewicz_WiktorNiedzwiedzki_files/figure-latex/unnamed-chunk-28-1.pdf>]

[34 <./FilipMichewicz_WiktorNiedzwiedzki_files/figure-latex/unnamed-chunk-29-1.pdf> <./FilipMichewicz_WiktorNiedzwiedzki_files/figure-latex/unnamed-chunk-30-1.pdf>]
<FilipMichewicz_WiktorNiedzwiedzki_files/figure-latex/unnamed-chunk-31-1.pdf, id=412, 650.43pt x 361.35pt>
File: FilipMichewicz_WiktorNiedzwiedzki_files/figure-latex/unnamed-chunk-31-1.pdf Graphic file (type pdf)
<use FilipMichewicz_WiktorNiedzwiedzki_files/figure-latex/unnamed-chunk-31-1.pdf>
Package pdftex.def Info: FilipMichewicz_WiktorNiedzwiedzki_files/figure-latex/unnamed-chunk-31-1.pdf  used on input line 1660.
(pdftex.def)             Requested size: 650.4284pt x 361.34912pt.


[35 <./FilipMichewicz_WiktorNiedzwiedzki_files/figure-latex/unnamed-chunk-31-1.pdf>]
<FilipMichewicz_WiktorNiedzwiedzki_files/figure-latex/unnamed-chunk-32-1.pdf, id=427, 650.43pt x 361.35pt>
File: FilipMichewicz_WiktorNiedzwiedzki_files/figure-latex/unnamed-chunk-32-1.pdf Graphic file (type pdf)
<use FilipMichewicz_WiktorNiedzwiedzki_files/figure-latex/unnamed-chunk-32-1.pdf>
Package pdftex.def Info: FilipMichewicz_WiktorNiedzwiedzki_files/figure-latex/unnamed-chunk-32-1.pdf  used on input line 1705.
(pdftex.def)             Requested size: 650.4284pt x 361.34912pt.
<FilipMichewicz_WiktorNiedzwiedzki_files/figure-latex/unnamed-chunk-33-1.pdf, id=428, 650.43pt x 361.35pt>
File: FilipMichewicz_WiktorNiedzwiedzki_files/figure-latex/unnamed-chunk-33-1.pdf Graphic file (type pdf)
<use FilipMichewicz_WiktorNiedzwiedzki_files/figure-latex/unnamed-chunk-33-1.pdf>
Package pdftex.def Info: FilipMichewicz_WiktorNiedzwiedzki_files/figure-latex/unnamed-chunk-33-1.pdf  used on input line 1750.
(pdftex.def)             Requested size: 650.4284pt x 361.34912pt.


[36 <./FilipMichewicz_WiktorNiedzwiedzki_files/figure-latex/unnamed-chunk-32-1.pdf>]
<FilipMichewicz_WiktorNiedzwiedzki_files/figure-latex/unnamed-chunk-34-1.pdf, id=442, 650.43pt x 361.35pt>
File: FilipMichewicz_WiktorNiedzwiedzki_files/figure-latex/unnamed-chunk-34-1.pdf Graphic file (type pdf)
<use FilipMichewicz_WiktorNiedzwiedzki_files/figure-latex/unnamed-chunk-34-1.pdf>
Package pdftex.def Info: FilipMichewicz_WiktorNiedzwiedzki_files/figure-latex/unnamed-chunk-34-1.pdf  used on input line 1787.
(pdftex.def)             Requested size: 650.4284pt x 361.34912pt.


[37 <./FilipMichewicz_WiktorNiedzwiedzki_files/figure-latex/unnamed-chunk-33-1.pdf>]

[38 <./FilipMichewicz_WiktorNiedzwiedzki_files/figure-latex/unnamed-chunk-34-1.pdf>]
<FilipMichewicz_WiktorNiedzwiedzki_files/figure-latex/unnamed-chunk-35-1.pdf, id=470, 469.755pt x 325.215pt>
File: FilipMichewicz_WiktorNiedzwiedzki_files/figure-latex/unnamed-chunk-35-1.pdf Graphic file (type pdf)
<use FilipMichewicz_WiktorNiedzwiedzki_files/figure-latex/unnamed-chunk-35-1.pdf>
Package pdftex.def Info: FilipMichewicz_WiktorNiedzwiedzki_files/figure-latex/unnamed-chunk-35-1.pdf  used on input line 1893.
(pdftex.def)             Requested size: 469.75386pt x 325.2142pt.


[39]

[40 <./FilipMichewicz_WiktorNiedzwiedzki_files/figure-latex/unnamed-chunk-35-1.pdf>]

[41]
<FilipMichewicz_WiktorNiedzwiedzki_files/figure-latex/unnamed-chunk-40-1.pdf, id=489, 469.755pt x 325.215pt>
File: FilipMichewicz_WiktorNiedzwiedzki_files/figure-latex/unnamed-chunk-40-1.pdf Graphic file (type pdf)
<use FilipMichewicz_WiktorNiedzwiedzki_files/figure-latex/unnamed-chunk-40-1.pdf>
Package pdftex.def Info: FilipMichewicz_WiktorNiedzwiedzki_files/figure-latex/unnamed-chunk-40-1.pdf  used on input line 2062.
(pdftex.def)             Requested size: 469.75386pt x 325.2142pt.

Underfull \hbox (badness 1502) in paragraph at lines 2075--2082
[]\OT1/lmr/m/n/10 Wykres 24. przed-sta-wia od-wzo-ro-wa-nie ory-gi-nal-nych, wie-lo-wy-mia-ro-wych od-le-gªo-±ci w prze-strze-ni 2-
 []



[42]

[43 <./FilipMichewicz_WiktorNiedzwiedzki_files/figure-latex/unnamed-chunk-40-1.pdf>]
<FilipMichewicz_WiktorNiedzwiedzki_files/figure-latex/unnamed-chunk-41-1.pdf, id=504, 361.35pt x 361.35pt>
File: FilipMichewicz_WiktorNiedzwiedzki_files/figure-latex/unnamed-chunk-41-1.pdf Graphic file (type pdf)
<use FilipMichewicz_WiktorNiedzwiedzki_files/figure-latex/unnamed-chunk-41-1.pdf>
Package pdftex.def Info: FilipMichewicz_WiktorNiedzwiedzki_files/figure-latex/unnamed-chunk-41-1.pdf  used on input line 2106.
(pdftex.def)             Requested size: 361.34912pt x 361.34912pt.


[44 <./FilipMichewicz_WiktorNiedzwiedzki_files/figure-latex/unnamed-chunk-41-1.pdf>]
<FilipMichewicz_WiktorNiedzwiedzki_files/figure-latex/unnamed-chunk-42-1.pdf, id=514, 505.89pt x 505.89pt>
File: FilipMichewicz_WiktorNiedzwiedzki_files/figure-latex/unnamed-chunk-42-1.pdf Graphic file (type pdf)
<use FilipMichewicz_WiktorNiedzwiedzki_files/figure-latex/unnamed-chunk-42-1.pdf>
Package pdftex.def Info: FilipMichewicz_WiktorNiedzwiedzki_files/figure-latex/unnamed-chunk-42-1.pdf  used on input line 2168.
(pdftex.def)             Requested size: 505.88875pt x 505.88875pt.


[45]

[46 <./FilipMichewicz_WiktorNiedzwiedzki_files/figure-latex/unnamed-chunk-42-1.pdf>]
<FilipMichewicz_WiktorNiedzwiedzki_files/figure-latex/unnamed-chunk-43-1.pdf, id=528, 361.35pt x 361.35pt>
File: FilipMichewicz_WiktorNiedzwiedzki_files/figure-latex/unnamed-chunk-43-1.pdf Graphic file (type pdf)
<use FilipMichewicz_WiktorNiedzwiedzki_files/figure-latex/unnamed-chunk-43-1.pdf>
Package pdftex.def Info: FilipMichewicz_WiktorNiedzwiedzki_files/figure-latex/unnamed-chunk-43-1.pdf  used on input line 2217.
(pdftex.def)             Requested size: 361.34912pt x 361.34912pt.


[47 <./FilipMichewicz_WiktorNiedzwiedzki_files/figure-latex/unnamed-chunk-43-1.pdf>]

[48]

[49] (./FilipMichewicz_WiktorNiedzwiedzki.aux)
 ***********
LaTeX2e <2024-11-01> patch level 2
L3 programming layer <2025-04-29>
 ***********

LaTeX Font Warning: Some font shapes were not available, defaults substituted.


LaTeX Warning: There were multiply-defined labels.

 ) 
Here is how much of TeX's memory you used:
 12660 strings out of 471536
 209554 string characters out of 5517893
 604757 words of memory out of 5000000
 38930 multiletter control sequences out of 15000+600000
 672143 words of font info for 82 fonts, out of 8000000 for 9000
 34 hyphenation exceptions out of 8191
 89i,7n,93p,988b,575s stack positions out of 10000i,1000n,20000p,200000b,200000s
<c:/Users/Wiktor/AppData/Roaming/TinyTeX/texmf-dist/fonts/type1/public/amsfonts/cm/cmmi10.pfb><c:/Users/Wiktor/AppData/Roaming/TinyTeX/texmf-dist/fonts/type1/public/amsfonts/cm/cmsy10.pfb><c:/Users/Wiktor/AppData/Roaming/TinyTeX/texmf-dist/fonts/type1/public/lm/lmbx10.pfb><c:/Users/Wiktor/AppData/Roaming/TinyTeX/texmf-dist/fonts/type1/public/lm/lmbx12.pfb><c:/Users/Wiktor/AppData/Roaming/TinyTeX/texmf-dist/fonts/type1/public/lm/lmmi10.pfb><c:/Users/Wiktor/AppData/Roaming/TinyTeX/texmf-dist/fonts/type1/public/lm/lmr10.pfb><c:/Users/Wiktor/AppData/Roaming/TinyTeX/texmf-dist/fonts/type1/public/lm/lmr12.pfb><c:/Users/Wiktor/AppData/Roaming/TinyTeX/texmf-dist/fonts/type1/public/lm/lmr17.pfb><c:/Users/Wiktor/AppData/Roaming/TinyTeX/texmf-dist/fonts/type1/public/lm/lmri10.pfb><c:/Users/Wiktor/AppData/Roaming/TinyTeX/texmf-dist/fonts/type1/public/lm/lmtk10.pfb><c:/Users/Wiktor/AppData/Roaming/TinyTeX/texmf-dist/fonts/type1/public/lm/lmtt10.pfb><c:/Users/Wiktor/AppData/Roaming/TinyTeX/texmf-dist/fonts/type1/public/lm/lmtti10.pfb>
Output written on FilipMichewicz_WiktorNiedzwiedzki.pdf (49 pages, 20779109 bytes).
PDF statistics:
 709 PDF objects out of 1000 (max. 8388607)
 571 compressed objects within 6 object streams
 111 named destinations out of 1000 (max. 500000)
 336 words of extra memory for PDF output out of 10000 (max. 10000000)

